{"C:\\Users\\tinas\\OneDrive\\Desktop\\Projects\\orderservice\\src\\Model\\Customers.js": {"path":"C:\\Users\\tinas\\OneDrive\\Desktop\\Projects\\orderservice\\src\\Model\\Customers.js","statementMap":{"0":{"start":{"line":4,"column":23},"end":{"line":32,"column":7}},"1":{"start":{"line":33,"column":26},"end":{"line":33,"column":68}},"2":{"start":{"line":36,"column":27},"end":{"line":36,"column":57}}},"fnMap":{},"branchMap":{},"s":{"0":2,"1":2,"2":2},"f":{},"b":{},"_coverageSchema":"1a1c01bbd47fc00a2c39e90264f33305004495a9","hash":"eb7b9a4d91a470026e127659f53022b37c356596"}
,"C:\\Users\\tinas\\OneDrive\\Desktop\\Projects\\orderservice\\src\\Model\\Order.js": {"path":"C:\\Users\\tinas\\OneDrive\\Desktop\\Projects\\orderservice\\src\\Model\\Order.js","statementMap":{"0":{"start":{"line":5,"column":20},"end":{"line":45,"column":1}},"1":{"start":{"line":10,"column":60},"end":{"line":10,"column":82}},"2":{"start":{"line":46,"column":19},"end":{"line":46,"column":56}}},"fnMap":{"0":{"name":"(anonymous_0)","decl":{"start":{"line":10,"column":49},"end":{"line":10,"column":50}},"loc":{"start":{"line":10,"column":59},"end":{"line":10,"column":83}},"line":10}},"branchMap":{},"s":{"0":2,"1":0,"2":2},"f":{"0":0},"b":{},"_coverageSchema":"1a1c01bbd47fc00a2c39e90264f33305004495a9","hash":"5be8878add75afe11715461b505638df98e8c4fb"}
,"C:\\Users\\tinas\\OneDrive\\Desktop\\Projects\\orderservice\\src\\controllers\\OrderController.js": {"path":"C:\\Users\\tinas\\OneDrive\\Desktop\\Projects\\orderservice\\src\\controllers\\OrderController.js","statementMap":{"0":{"start":{"line":10,"column":28},"end":{"line":29,"column":3}},"1":{"start":{"line":11,"column":26},"end":{"line":11,"column":34}},"2":{"start":{"line":12,"column":35},"end":{"line":12,"column":44}},"3":{"start":{"line":13,"column":10},"end":{"line":24,"column":7}},"4":{"start":{"line":15,"column":10},"end":{"line":15,"column":103}},"5":{"start":{"line":16,"column":9},"end":{"line":23,"column":20}},"6":{"start":{"line":26,"column":23},"end":{"line":26,"column":73}},"7":{"start":{"line":27,"column":5},"end":{"line":27,"column":58}},"8":{"start":{"line":28,"column":5},"end":{"line":28,"column":46}},"9":{"start":{"line":32,"column":28},"end":{"line":34,"column":2}},"10":{"start":{"line":33,"column":5},"end":{"line":33,"column":26}},"11":{"start":{"line":35,"column":31},"end":{"line":43,"column":3}},"12":{"start":{"line":36,"column":24},"end":{"line":36,"column":34}},"13":{"start":{"line":37,"column":16},"end":{"line":37,"column":42}},"14":{"start":{"line":38,"column":16},"end":{"line":38,"column":52}},"15":{"start":{"line":39,"column":19},"end":{"line":39,"column":32}},"16":{"start":{"line":40,"column":2},"end":{"line":40,"column":39}},"17":{"start":{"line":44,"column":28},"end":{"line":49,"column":3}},"18":{"start":{"line":46,"column":19},"end":{"line":46,"column":57}},"19":{"start":{"line":47,"column":19},"end":{"line":47,"column":45}},"20":{"start":{"line":48,"column":5},"end":{"line":48,"column":32}}},"fnMap":{"0":{"name":"(anonymous_0)","decl":{"start":{"line":10,"column":45},"end":{"line":10,"column":46}},"loc":{"start":{"line":10,"column":69},"end":{"line":29,"column":2}},"line":10},"1":{"name":"(anonymous_1)","decl":{"start":{"line":32,"column":28},"end":{"line":32,"column":29}},"loc":{"start":{"line":32,"column":54},"end":{"line":34,"column":2}},"line":32},"2":{"name":"(anonymous_2)","decl":{"start":{"line":35,"column":48},"end":{"line":35,"column":49}},"loc":{"start":{"line":35,"column":73},"end":{"line":43,"column":2}},"line":35},"3":{"name":"(anonymous_3)","decl":{"start":{"line":44,"column":45},"end":{"line":44,"column":46}},"loc":{"start":{"line":44,"column":71},"end":{"line":49,"column":2}},"line":44}},"branchMap":{"0":{"loc":{"start":{"line":13,"column":10},"end":{"line":24,"column":7}},"type":"if","locations":[{"start":{"line":13,"column":10},"end":{"line":24,"column":7}},{"start":{},"end":{}}],"line":13},"1":{"loc":{"start":{"line":13,"column":13},"end":{"line":13,"column":53}},"type":"binary-expr","locations":[{"start":{"line":13,"column":13},"end":{"line":13,"column":21}},{"start":{"line":13,"column":25},"end":{"line":13,"column":37}},{"start":{"line":13,"column":41},"end":{"line":13,"column":53}}],"line":13}},"s":{"0":1,"1":1,"2":1,"3":1,"4":0,"5":0,"6":1,"7":1,"8":1,"9":1,"10":0,"11":1,"12":0,"13":0,"14":0,"15":0,"16":0,"17":1,"18":0,"19":0,"20":0},"f":{"0":1,"1":0,"2":0,"3":0},"b":{"0":[0,1],"1":[1,1,1]},"_coverageSchema":"1a1c01bbd47fc00a2c39e90264f33305004495a9","hash":"331f83b0e905ca7f38f6fc9b74c1915b20c0368c"}
,"C:\\Users\\tinas\\OneDrive\\Desktop\\Projects\\orderservice\\src\\middleware\\async.js": {"path":"C:\\Users\\tinas\\OneDrive\\Desktop\\Projects\\orderservice\\src\\middleware\\async.js","statementMap":{"0":{"start":{"line":1,"column":21},"end":{"line":10,"column":3}},"1":{"start":{"line":2,"column":4},"end":{"line":9,"column":5}},"2":{"start":{"line":3,"column":6},"end":{"line":8,"column":7}},"3":{"start":{"line":4,"column":8},"end":{"line":4,"column":32}},"4":{"start":{"line":6,"column":8},"end":{"line":6,"column":27}},"5":{"start":{"line":7,"column":8},"end":{"line":7,"column":19}}},"fnMap":{"0":{"name":"(anonymous_0)","decl":{"start":{"line":1,"column":21},"end":{"line":1,"column":22}},"loc":{"start":{"line":1,"column":29},"end":{"line":10,"column":3}},"line":1},"1":{"name":"(anonymous_1)","decl":{"start":{"line":2,"column":11},"end":{"line":2,"column":12}},"loc":{"start":{"line":2,"column":37},"end":{"line":9,"column":5}},"line":2}},"branchMap":{},"s":{"0":1,"1":3,"2":1,"3":1,"4":1,"5":1},"f":{"0":3,"1":1},"b":{},"_coverageSchema":"1a1c01bbd47fc00a2c39e90264f33305004495a9","hash":"1b27d9d15d3515f0cfd12cbbe6b73e25907d0a84"}
,"C:\\Users\\tinas\\OneDrive\\Desktop\\Projects\\orderservice\\src\\services\\AppointmentService.js": {"path":"C:\\Users\\tinas\\OneDrive\\Desktop\\Projects\\orderservice\\src\\services\\AppointmentService.js","statementMap":{"0":{"start":{"line":7,"column":23},"end":{"line":7,"column":65}},"1":{"start":{"line":8,"column":33},"end":{"line":43,"column":1}},"2":{"start":{"line":9,"column":19},"end":{"line":9,"column":20}},"3":{"start":{"line":11,"column":20},"end":{"line":40,"column":6}},"4":{"start":{"line":22,"column":8},"end":{"line":22,"column":29}},"5":{"start":{"line":23,"column":29},"end":{"line":23,"column":50}},"6":{"start":{"line":24,"column":6},"end":{"line":24,"column":34}},"7":{"start":{"line":25,"column":6},"end":{"line":25,"column":77}},"8":{"start":{"line":26,"column":6},"end":{"line":31,"column":8}},"9":{"start":{"line":35,"column":8},"end":{"line":35,"column":27}},"10":{"start":{"line":36,"column":8},"end":{"line":39,"column":13}},"11":{"start":{"line":42,"column":4},"end":{"line":42,"column":39}},"12":{"start":{"line":45,"column":28},"end":{"line":58,"column":1}},"13":{"start":{"line":46,"column":16},"end":{"line":46,"column":55}},"14":{"start":{"line":47,"column":17},"end":{"line":50,"column":5}},"15":{"start":{"line":51,"column":29},"end":{"line":51,"column":59}},"16":{"start":{"line":52,"column":4},"end":{"line":57,"column":6}},"17":{"start":{"line":53,"column":8},"end":{"line":53,"column":51}},"18":{"start":{"line":55,"column":8},"end":{"line":55,"column":25}},"19":{"start":{"line":60,"column":28},"end":{"line":62,"column":1}}},"fnMap":{"0":{"name":"(anonymous_0)","decl":{"start":{"line":8,"column":33},"end":{"line":8,"column":34}},"loc":{"start":{"line":8,"column":55},"end":{"line":43,"column":1}},"line":8},"1":{"name":"(anonymous_1)","decl":{"start":{"line":20,"column":13},"end":{"line":20,"column":14}},"loc":{"start":{"line":21,"column":4},"end":{"line":33,"column":5}},"line":21},"2":{"name":"(anonymous_2)","decl":{"start":{"line":34,"column":11},"end":{"line":34,"column":12}},"loc":{"start":{"line":34,"column":21},"end":{"line":40,"column":5}},"line":34},"3":{"name":"(anonymous_3)","decl":{"start":{"line":45,"column":28},"end":{"line":45,"column":29}},"loc":{"start":{"line":45,"column":45},"end":{"line":58,"column":1}},"line":45},"4":{"name":"(anonymous_4)","decl":{"start":{"line":52,"column":30},"end":{"line":52,"column":31}},"loc":{"start":{"line":52,"column":40},"end":{"line":54,"column":5}},"line":52},"5":{"name":"(anonymous_5)","decl":{"start":{"line":54,"column":15},"end":{"line":54,"column":16}},"loc":{"start":{"line":54,"column":24},"end":{"line":57,"column":5}},"line":54}},"branchMap":{},"s":{"0":2,"1":2,"2":2,"3":2,"4":0,"5":0,"6":0,"7":0,"8":0,"9":2,"10":2,"11":2,"12":2,"13":0,"14":0,"15":0,"16":0,"17":0,"18":0,"19":2},"f":{"0":2,"1":0,"2":2,"3":0,"4":0,"5":0},"b":{},"_coverageSchema":"1a1c01bbd47fc00a2c39e90264f33305004495a9","hash":"f11e37f0eb7cc1a1ebd899230ab03e41faad9092"}
,"C:\\Users\\tinas\\OneDrive\\Desktop\\Projects\\orderservice\\src\\services\\OrderService.js": {"path":"C:\\Users\\tinas\\OneDrive\\Desktop\\Projects\\orderservice\\src\\services\\OrderService.js","statementMap":{"0":{"start":{"line":9,"column":28},"end":{"line":36,"column":1}},"1":{"start":{"line":11,"column":35},"end":{"line":11,"column":50}},"2":{"start":{"line":12,"column":25},"end":{"line":12,"column":70}},"3":{"start":{"line":13,"column":4},"end":{"line":17,"column":5}},"4":{"start":{"line":15,"column":8},"end":{"line":15,"column":56}},"5":{"start":{"line":16,"column":8},"end":{"line":16,"column":106}},"6":{"start":{"line":19,"column":30},"end":{"line":19,"column":66}},"7":{"start":{"line":22,"column":4},"end":{"line":26,"column":5}},"8":{"start":{"line":24,"column":8},"end":{"line":24,"column":56}},"9":{"start":{"line":25,"column":6},"end":{"line":25,"column":33}},"10":{"start":{"line":27,"column":4},"end":{"line":27,"column":36}},"11":{"start":{"line":29,"column":25},"end":{"line":29,"column":74}},"12":{"start":{"line":31,"column":19},"end":{"line":31,"column":44}},"13":{"start":{"line":33,"column":35},"end":{"line":33,"column":41}},"14":{"start":{"line":35,"column":4},"end":{"line":35,"column":46}},"15":{"start":{"line":38,"column":26},"end":{"line":57,"column":1}},"16":{"start":{"line":40,"column":4},"end":{"line":55,"column":6}},"17":{"start":{"line":42,"column":8},"end":{"line":53,"column":10}},"18":{"start":{"line":44,"column":12},"end":{"line":52,"column":13}},"19":{"start":{"line":46,"column":16},"end":{"line":46,"column":61}},"20":{"start":{"line":47,"column":16},"end":{"line":47,"column":141}},"21":{"start":{"line":50,"column":43},"end":{"line":50,"column":64}},"22":{"start":{"line":51,"column":17},"end":{"line":51,"column":51}},"23":{"start":{"line":58,"column":20},"end":{"line":75,"column":1}},"24":{"start":{"line":59,"column":17},"end":{"line":70,"column":14}},"25":{"start":{"line":61,"column":8},"end":{"line":69,"column":9}},"26":{"start":{"line":63,"column":12},"end":{"line":63,"column":58}},"27":{"start":{"line":64,"column":12},"end":{"line":64,"column":22}},"28":{"start":{"line":68,"column":12},"end":{"line":68,"column":26}},"29":{"start":{"line":72,"column":21},"end":{"line":73,"column":38}},"30":{"start":{"line":73,"column":8},"end":{"line":73,"column":36}},"31":{"start":{"line":74,"column":8},"end":{"line":74,"column":24}},"32":{"start":{"line":77,"column":101},"end":{"line":77,"column":108}},"33":{"start":{"line":78,"column":8},"end":{"line":102,"column":7}},"34":{"start":{"line":107,"column":21},"end":{"line":111,"column":1}}},"fnMap":{"0":{"name":"(anonymous_0)","decl":{"start":{"line":9,"column":28},"end":{"line":9,"column":29}},"loc":{"start":{"line":9,"column":54},"end":{"line":36,"column":1}},"line":9},"1":{"name":"(anonymous_1)","decl":{"start":{"line":38,"column":26},"end":{"line":38,"column":27}},"loc":{"start":{"line":38,"column":44},"end":{"line":57,"column":1}},"line":38},"2":{"name":"(anonymous_2)","decl":{"start":{"line":40,"column":23},"end":{"line":40,"column":24}},"loc":{"start":{"line":41,"column":4},"end":{"line":55,"column":5}},"line":41},"3":{"name":"(anonymous_3)","decl":{"start":{"line":43,"column":14},"end":{"line":43,"column":15}},"loc":{"start":{"line":43,"column":25},"end":{"line":53,"column":9}},"line":43},"4":{"name":"(anonymous_4)","decl":{"start":{"line":58,"column":20},"end":{"line":58,"column":21}},"loc":{"start":{"line":58,"column":32},"end":{"line":75,"column":1}},"line":58},"5":{"name":"(anonymous_5)","decl":{"start":{"line":59,"column":44},"end":{"line":59,"column":45}},"loc":{"start":{"line":60,"column":4},"end":{"line":70,"column":5}},"line":60},"6":{"name":"(anonymous_6)","decl":{"start":{"line":72,"column":32},"end":{"line":72,"column":33}},"loc":{"start":{"line":72,"column":40},"end":{"line":73,"column":37}},"line":72},"7":{"name":"orderMap","decl":{"start":{"line":76,"column":9},"end":{"line":76,"column":17}},"loc":{"start":{"line":76,"column":30},"end":{"line":103,"column":1}},"line":76}},"branchMap":{"0":{"loc":{"start":{"line":13,"column":4},"end":{"line":17,"column":5}},"type":"if","locations":[{"start":{"line":13,"column":4},"end":{"line":17,"column":5}},{"start":{},"end":{}}],"line":13},"1":{"loc":{"start":{"line":22,"column":4},"end":{"line":26,"column":5}},"type":"if","locations":[{"start":{"line":22,"column":4},"end":{"line":26,"column":5}},{"start":{},"end":{}}],"line":22},"2":{"loc":{"start":{"line":44,"column":12},"end":{"line":52,"column":13}},"type":"if","locations":[{"start":{"line":44,"column":12},"end":{"line":52,"column":13}},{"start":{"line":49,"column":16},"end":{"line":52,"column":13}}],"line":44},"3":{"loc":{"start":{"line":61,"column":8},"end":{"line":69,"column":9}},"type":"if","locations":[{"start":{"line":61,"column":8},"end":{"line":69,"column":9}},{"start":{"line":66,"column":12},"end":{"line":69,"column":9}}],"line":61}},"s":{"0":2,"1":3,"2":3,"3":3,"4":1,"5":1,"6":2,"7":2,"8":1,"9":1,"10":1,"11":1,"12":1,"13":1,"14":1,"15":2,"16":2,"17":2,"18":2,"19":1,"20":1,"21":1,"22":1,"23":2,"24":0,"25":0,"26":0,"27":0,"28":0,"29":0,"30":0,"31":0,"32":1,"33":1,"34":2},"f":{"0":3,"1":2,"2":2,"3":2,"4":0,"5":0,"6":0,"7":1},"b":{"0":[1,2],"1":[1,1],"2":[1,1],"3":[0,0]},"_coverageSchema":"1a1c01bbd47fc00a2c39e90264f33305004495a9","hash":"3f1555cb81cbe54af9b1d4bc6396639017c0e9bf"}
,"C:\\Users\\tinas\\OneDrive\\Desktop\\Projects\\orderservice\\src\\services\\ServiceClass\\CustomerOrderService.js": {"path":"C:\\Users\\tinas\\OneDrive\\Desktop\\Projects\\orderservice\\src\\services\\ServiceClass\\CustomerOrderService.js","statementMap":{"0":{"start":{"line":7,"column":8},"end":{"line":7,"column":15}},"1":{"start":{"line":10,"column":22},"end":{"line":10,"column":54}},"2":{"start":{"line":11,"column":8},"end":{"line":11,"column":21}}},"fnMap":{"0":{"name":"(anonymous_0)","decl":{"start":{"line":5,"column":4},"end":{"line":5,"column":5}},"loc":{"start":{"line":6,"column":4},"end":{"line":8,"column":5}},"line":6},"1":{"name":"(anonymous_1)","decl":{"start":{"line":9,"column":4},"end":{"line":9,"column":5}},"loc":{"start":{"line":9,"column":24},"end":{"line":13,"column":5}},"line":9}},"branchMap":{},"s":{"0":0,"1":0,"2":0},"f":{"0":0,"1":0},"b":{},"_coverageSchema":"1a1c01bbd47fc00a2c39e90264f33305004495a9","hash":"c09dd0cc96ae61a15f69f5d1448d8bbe795a3189"}
,"C:\\Users\\tinas\\OneDrive\\Desktop\\Projects\\orderservice\\src\\services\\ServiceClass\\OrderServiceClass.js": {"path":"C:\\Users\\tinas\\OneDrive\\Desktop\\Projects\\orderservice\\src\\services\\ServiceClass\\OrderServiceClass.js","statementMap":{"0":{"start":{"line":8,"column":9},"end":{"line":8,"column":42}},"1":{"start":{"line":9,"column":9},"end":{"line":12,"column":10}},"2":{"start":{"line":11,"column":12},"end":{"line":11,"column":80}},"3":{"start":{"line":18,"column":8},"end":{"line":29,"column":12}},"4":{"start":{"line":21,"column":14},"end":{"line":25,"column":16}},"5":{"start":{"line":23,"column":18},"end":{"line":23,"column":68}},"6":{"start":{"line":24,"column":15},"end":{"line":24,"column":68}},"7":{"start":{"line":26,"column":15},"end":{"line":26,"column":40}},"8":{"start":{"line":27,"column":15},"end":{"line":27,"column":69}},"9":{"start":{"line":28,"column":15},"end":{"line":28,"column":51}},"10":{"start":{"line":33,"column":8},"end":{"line":33,"column":63}}},"fnMap":{"0":{"name":"(anonymous_0)","decl":{"start":{"line":7,"column":5},"end":{"line":7,"column":6}},"loc":{"start":{"line":7,"column":19},"end":{"line":14,"column":6}},"line":7},"1":{"name":"(anonymous_1)","decl":{"start":{"line":16,"column":5},"end":{"line":16,"column":6}},"loc":{"start":{"line":17,"column":5},"end":{"line":30,"column":6}},"line":17},"2":{"name":"(anonymous_2)","decl":{"start":{"line":20,"column":16},"end":{"line":20,"column":17}},"loc":{"start":{"line":20,"column":30},"end":{"line":29,"column":11}},"line":20},"3":{"name":"(anonymous_3)","decl":{"start":{"line":31,"column":4},"end":{"line":31,"column":5}},"loc":{"start":{"line":31,"column":24},"end":{"line":34,"column":6}},"line":31}},"branchMap":{"0":{"loc":{"start":{"line":9,"column":9},"end":{"line":12,"column":10}},"type":"if","locations":[{"start":{"line":9,"column":9},"end":{"line":12,"column":10}},{"start":{},"end":{}}],"line":9},"1":{"loc":{"start":{"line":21,"column":14},"end":{"line":25,"column":16}},"type":"if","locations":[{"start":{"line":21,"column":14},"end":{"line":25,"column":16}},{"start":{},"end":{}}],"line":21}},"s":{"0":0,"1":0,"2":0,"3":0,"4":0,"5":0,"6":0,"7":0,"8":0,"9":0,"10":0},"f":{"0":0,"1":0,"2":0,"3":0},"b":{"0":[0,0],"1":[0,0]},"_coverageSchema":"1a1c01bbd47fc00a2c39e90264f33305004495a9","hash":"01e56d7fe38b1577611515f0d59dbded46f96300"}
,"C:\\Users\\tinas\\OneDrive\\Desktop\\Projects\\orderservice\\src\\util\\FormatResponse.js": {"path":"C:\\Users\\tinas\\OneDrive\\Desktop\\Projects\\orderservice\\src\\util\\FormatResponse.js","statementMap":{"0":{"start":{"line":1,"column":31},"end":{"line":23,"column":1}},"1":{"start":{"line":2,"column":38},"end":{"line":2,"column":44}},"2":{"start":{"line":3,"column":3},"end":{"line":22,"column":4}}},"fnMap":{"0":{"name":"(anonymous_0)","decl":{"start":{"line":1,"column":31},"end":{"line":1,"column":32}},"loc":{"start":{"line":1,"column":43},"end":{"line":23,"column":1}},"line":1}},"branchMap":{},"s":{"0":2,"1":1,"2":1},"f":{"0":1},"b":{},"_coverageSchema":"1a1c01bbd47fc00a2c39e90264f33305004495a9","hash":"f8608258705b213ba47a2a75a108332cdf260c7a"}
,"C:\\Users\\tinas\\OneDrive\\Desktop\\Projects\\orderservice\\src\\util\\Logger.js": {"path":"C:\\Users\\tinas\\OneDrive\\Desktop\\Projects\\orderservice\\src\\util\\Logger.js","statementMap":{"0":{"start":{"line":3,"column":14},"end":{"line":19,"column":3}},"1":{"start":{"line":22,"column":15},"end":{"line":30,"column":2}}},"fnMap":{},"branchMap":{},"s":{"0":2,"1":2},"f":{},"b":{},"_coverageSchema":"1a1c01bbd47fc00a2c39e90264f33305004495a9","hash":"092ca4909d094746d93ac2e8d5a0ade32bf0d2b0"}
,"C:\\Users\\tinas\\OneDrive\\Desktop\\Projects\\orderservice\\src\\util\\ResHandler.js": {"path":"C:\\Users\\tinas\\OneDrive\\Desktop\\Projects\\orderservice\\src\\util\\ResHandler.js","statementMap":{"0":{"start":{"line":2,"column":19},"end":{"line":24,"column":1}},"1":{"start":{"line":3,"column":4},"end":{"line":3,"column":26}},"2":{"start":{"line":5,"column":4},"end":{"line":22,"column":5}},"3":{"start":{"line":7,"column":8},"end":{"line":11,"column":10}},"4":{"start":{"line":17,"column":8},"end":{"line":21,"column":16}}},"fnMap":{"0":{"name":"(anonymous_0)","decl":{"start":{"line":2,"column":19},"end":{"line":2,"column":20}},"loc":{"start":{"line":2,"column":39},"end":{"line":24,"column":1}},"line":2}},"branchMap":{"0":{"loc":{"start":{"line":5,"column":4},"end":{"line":22,"column":5}},"type":"if","locations":[{"start":{"line":5,"column":4},"end":{"line":22,"column":5}},{"start":{"line":15,"column":4},"end":{"line":22,"column":5}}],"line":5}},"s":{"0":2,"1":0,"2":0,"3":0,"4":0},"f":{"0":0},"b":{"0":[0,0]},"_coverageSchema":"1a1c01bbd47fc00a2c39e90264f33305004495a9","hash":"d940a148c5a5721ee0aa46799b3528fa540bdb78"}
,"C:\\Users\\tinas\\OneDrive\\Desktop\\Projects\\orderservice\\src\\util\\errorHandler.js": {"path":"C:\\Users\\tinas\\OneDrive\\Desktop\\Projects\\orderservice\\src\\util\\errorHandler.js","statementMap":{"0":{"start":{"line":2,"column":28},"end":{"line":22,"column":1}},"1":{"start":{"line":4,"column":4},"end":{"line":21,"column":5}},"2":{"start":{"line":5,"column":23},"end":{"line":5,"column":42}},"3":{"start":{"line":6,"column":8},"end":{"line":6,"column":28}},"4":{"start":{"line":7,"column":8},"end":{"line":13,"column":9}},"5":{"start":{"line":17,"column":8},"end":{"line":17,"column":29}},"6":{"start":{"line":18,"column":8},"end":{"line":18,"column":42}},"7":{"start":{"line":19,"column":8},"end":{"line":19,"column":17}},"8":{"start":{"line":23,"column":21},"end":{"line":25,"column":1}}},"fnMap":{"0":{"name":"(anonymous_0)","decl":{"start":{"line":2,"column":28},"end":{"line":2,"column":29}},"loc":{"start":{"line":2,"column":53},"end":{"line":22,"column":1}},"line":2}},"branchMap":{"0":{"loc":{"start":{"line":5,"column":23},"end":{"line":5,"column":42}},"type":"binary-expr","locations":[{"start":{"line":5,"column":23},"end":{"line":5,"column":35}},{"start":{"line":5,"column":39},"end":{"line":5,"column":42}}],"line":5},"1":{"loc":{"start":{"line":11,"column":25},"end":{"line":11,"column":56}},"type":"binary-expr","locations":[{"start":{"line":11,"column":25},"end":{"line":11,"column":39}},{"start":{"line":11,"column":43},"end":{"line":11,"column":56}}],"line":11}},"s":{"0":1,"1":0,"2":0,"3":0,"4":0,"5":0,"6":0,"7":0,"8":1},"f":{"0":0},"b":{"0":[0,0],"1":[0,0]},"_coverageSchema":"1a1c01bbd47fc00a2c39e90264f33305004495a9","hash":"2738860a7867bf067213a098fcedae539c1445b5"}
,"C:\\Users\\tinas\\OneDrive\\Desktop\\Projects\\orderservice\\src\\util\\httpStatusCodes.js": {"path":"C:\\Users\\tinas\\OneDrive\\Desktop\\Projects\\orderservice\\src\\util\\httpStatusCodes.js","statementMap":{"0":{"start":{"line":1,"column":31},"end":{"line":7,"column":1}}},"fnMap":{},"branchMap":{},"s":{"0":2},"f":{},"b":{},"_coverageSchema":"1a1c01bbd47fc00a2c39e90264f33305004495a9","hash":"40829cfa28a9d48cf49d9bfc92e3da1d1fcd7760"}
}
